d:\documents\visual studio\tetris\tetris\debug\vc120.pdb
d:\documents\visual studio\tetris\tetris\debug\vc120.idb
d:\documents\visual studio\tetris\tetris\debug\keys.obj
d:\documents\visual studio\tetris\tetris\debug\main.obj
d:\documents\visual studio\tetris\tetris\debug\point.obj
d:\documents\visual studio\tetris\tetris\debug\tetris.obj
d:\documents\visual studio\tetris\tetris\debug\button.obj
d:\documents\visual studio\tetris\tetris\debug\textbox.obj
d:\documents\visual studio\tetris\debug\tetris.ilk
d:\documents\visual studio\tetris\debug\tetris.exe
d:\documents\visual studio\tetris\debug\tetris.pdb
d:\documents\visual studio\tetris\tetris\debug\tetris.res
d:\documents\visual studio\tetris\tetris\debug\tetris.tlog\cl.command.1.tlog
d:\documents\visual studio\tetris\tetris\debug\tetris.tlog\cl.read.1.tlog
d:\documents\visual studio\tetris\tetris\debug\tetris.tlog\cl.write.1.tlog
d:\documents\visual studio\tetris\tetris\debug\tetris.tlog\link.command.1.tlog
d:\documents\visual studio\tetris\tetris\debug\tetris.tlog\link.read.1.tlog
d:\documents\visual studio\tetris\tetris\debug\tetris.tlog\link.write.1.tlog
d:\documents\visual studio\tetris\tetris\debug\tetris.tlog\rc.command.1.tlog
d:\documents\visual studio\tetris\tetris\debug\tetris.tlog\rc.read.1.tlog
d:\documents\visual studio\tetris\tetris\debug\tetris.tlog\rc.write.1.tlog
